<?xml version="1.0" encoding="UTF-8"?>
<!-- Generated by org.testng.reporters.JUnitReportReporter -->
<testsuite hostname="Tanfeez" failures="0" tests="3" name="Functionality.Login" time="2.827" errors="0" timestamp="2024-10-03T15:28:43 IST" skipped="0">
  <testcase classname="Functionality.Login" name="testUserLogin" time="0.952"/>
  <testcase classname="Functionality.Login" name="testUserLogin" time="0.916"/>
  <testcase classname="Functionality.Login" name="testUserLogin" time="0.959"/>
</testsuite> <!-- Functionality.Login -->
