<?xml version="1.0" encoding="UTF-8"?>
<!-- Generated by org.testng.reporters.JUnitReportReporter -->
<testsuite hostname="Tanfeez" failures="0" tests="1" name="Functionality.List" time="3.636" errors="0" timestamp="2024-10-03T15:30:22 IST" skipped="0">
  <testcase classname="Functionality.List" name="testListTransactions" time="3.636"/>
</testsuite> <!-- Functionality.List -->
