<?xml version="1.0" encoding="UTF-8"?>
<!-- Generated by org.testng.reporters.JUnitReportReporter -->
<testsuite hostname="Tanfeez" failures="0" tests="1" name="Functionality.Exchangerate" time="1.218" errors="0" timestamp="2024-10-03T15:28:43 IST" skipped="0">
  <testcase classname="Functionality.Exchangerate" name="testGetExchangeRates" time="1.218"/>
</testsuite> <!-- Functionality.Exchangerate -->
