<?xml version="1.0" encoding="UTF-8"?>
<!-- Generated by org.testng.reporters.JUnitReportReporter -->
<testsuite hostname="Tanfeez" failures="0" tests="3" name="Functionality.Register" time="6.096" errors="0" timestamp="2024-10-03T15:28:43 IST" skipped="0">
  <testcase classname="Functionality.Register" name="testUserRegistration" time="1.039"/>
  <testcase classname="Functionality.Register" name="testUserRegistration" time="1.160"/>
  <testcase classname="Functionality.Register" name="testUserRegistration" time="3.897"/>
</testsuite> <!-- Functionality.Register -->
