<?xml version="1.0" encoding="UTF-8"?>
<!-- Generated by org.testng.reporters.JUnitReportReporter -->
<testsuite hostname="Tanfeez" failures="0" tests="14" name="CryptoWallet" time="15.496" errors="0" timestamp="2024-10-04T18:50:53 IST" skipped="0">
  <testcase classname="CryptoWallet" name="testUserRegistration" time="0.925"/>
  <testcase classname="CryptoWallet" name="testTransferCrypto" time="0.910"/>
  <testcase classname="CryptoWallet" name="testCalculateFee" time="0.934"/>
  <testcase classname="CryptoWallet" name="testTransferCrypto" time="0.935"/>
  <testcase classname="CryptoWallet" name="testUserLogin" time="0.961"/>
  <testcase classname="CryptoWallet" name="testTransferCrypto" time="1.025"/>
  <testcase classname="CryptoWallet" name="testCalculateFee" time="0.911"/>
  <testcase classname="CryptoWallet" name="testUserLogin" time="0.917"/>
  <testcase classname="CryptoWallet" name="testUserLogin" time="0.924"/>
  <testcase classname="CryptoWallet" name="testCheckBalance" time="0.907"/>
  <testcase classname="CryptoWallet" name="testGetExchangeRates" time="0.925"/>
  <testcase classname="CryptoWallet" name="testUserRegistration" time="0.924"/>
  <testcase classname="CryptoWallet" name="testCalculateFee" time="3.356"/>
  <testcase classname="CryptoWallet" name="testUserRegistration" time="0.942"/>
</testsuite> <!-- CryptoWallet -->
